
Running security(8):

Checking special files and directories.
Output format is:
	filename:
		criteria (shouldbe, reallyis)
etc/dhcpd.conf: 
	gid (0, 5)
etc/pf.conf: 
	permissions (0600, 0644)
usr/local: 
	permissions (0755, 02755)
usr/local/bin: 
	permissions (0755, 02755)
mtree special: exit code 2

======
/etc/rc.conf.local diffs (-OLD  +NEW)
======
diff: exit code 1
--- /var/backups/etc_rc.conf.local.current	Mon Jan 19 01:35:23 2015
+++ /etc/rc.conf.local	Tue Jan 27 14:47:17 2015
@@ -10,6 +10,6 @@
 # Server WEB
 mysqld_flags=""
 apache_flags=""
-pkg_scripts="mysqld, apache2"
+pkg_scripts="apache2 mysqld"
 # Servers DNS
 unbound_flags="-c /var/unbound/etc/unbound.conf"

